[35m[Appium][39m Welcome to Appium v1.22.3
[35m[Appium][39m Non-default server args:
[35m[Appium][39m   port: 58914
[35m[Appium][39m   loglevel: info
[35m[Appium][39m   tmpDir: C:\Users\LP-AHD~1\AppData\Local\Temp\\Katalon\Appium\Temp1675342625178
[35m[Appium][39m   chromedriverPort: 58915
[35m[Appium][39m Deprecated server args:
[35m[Appium][39m   [31m--chromedriver-port[39m => --default-capabilities
[35m[Appium][39m Default capabilities, which will be added to each request unless overridden by desired capabilities:
[35m[Appium][39m   chromedriverPort: 58915
[35m[Appium][39m Appium REST http interface listener started on 0.0.0.0:58914
[35m[HTTP][39m [37m-->[39m [37mGET[39m [37m/wd/hub/status[39m
[35m[HTTP][39m [90m{}[39m
[35m[HTTP][39m [37m<-- GET /wd/hub/status [39m[32m200[39m [90m3 ms - 68[39m
[35m[HTTP][39m [90m[39m
[35m[HTTP][39m [37m-->[39m [37mGET[39m [37m/wd/hub/status[39m
[35m[HTTP][39m [90m{}[39m
[35m[HTTP][39m [37m<-- GET /wd/hub/status [39m[32m200[39m [90m1 ms - 68[39m
[35m[HTTP][39m [90m[39m
[35m[HTTP][39m [37m-->[39m [37mPOST[39m [37m/wd/hub/session[39m
[35m[HTTP][39m [90m{"desiredCapabilities":{"appActivity":".Settings","appPackage":"com.android.settings","newCommandTimeout":1800,"platformVersion":"11","automationName":"uiautomator2","autoGrantPermissions":true,"platformName":"Android","udid":"emulator-5554","deviceName":"emulator-5554 (sdk_gphone_x86 - Android 11)","platform":"ANDROID","systemPort":8249},"capabilities":{"firstMatch":[{"appium:appActivity":".Settings","appium:appPackage":"com.android.settings","appium:autoGrantPermissions":true,"appium:automationName":"uiautomator2","appium:deviceName":"emulator-5554 (sdk_gphone_x86 - Android 11)","appium:newCommandTimeout":1800,"platform":"ANDROID","platformName":"android","appium:platformVersion":"11","appium:systemPort":8249,"appium:udid":"emulator-5554"}]}}[39m
[35m[BaseDriver][39m The following capabilities are not standard capabilities and should have an extension prefix:
[35m[BaseDriver][39m   platform
[35m[BaseDriver][39m   chromedriverPort
[35m[Appium][39m Appium v1.22.3 creating new AndroidUiautomator2Driver (v1.70.1) session
[35m[BaseDriver][39m The following capabilities were provided, but are not recognized by Appium:
[35m[BaseDriver][39m   platform
[35m[BaseDriver][39m Session created with session id: fd0e4753-9224-4335-9550-f55c605e6c8f
[35m[UiAutomator2][39m Starting 'com.android.settings' directly on the device
[35m[ADB][39m Found 3 'build-tools' folders under 'C:\Users\LP-AhdAlbarghouthi\AppData\Local\Android\Sdk' (newest first):
[35m[ADB][39m     C:/Users/LP-AhdAlbarghouthi/AppData/Local/Android/Sdk/build-tools/33.0.0
[35m[ADB][39m     C:/Users/LP-AhdAlbarghouthi/AppData/Local/Android/Sdk/build-tools/30.0.3
[35m[ADB][39m     C:/Users/LP-AhdAlbarghouthi/AppData/Local/Android/Sdk/build-tools/23.0.3
[35m[ADB][39m Using 'adb.exe' from 'C:\Users\LP-AhdAlbarghouthi\AppData\Local\Android\Sdk\platform-tools\adb.exe'
[35m[AndroidDriver][39m Retrieving device list
[35m[AndroidDriver][39m Using device: emulator-5554
[35m[ADB][39m Using 'adb.exe' from 'C:\Users\LP-AhdAlbarghouthi\AppData\Local\Android\Sdk\platform-tools\adb.exe'
[35m[ADB][39m Getting device platform version
[35m[UiAutomator2][39m Relaxing hidden api policy
[35m[AndroidDriver][39m No app sent in, not parsing package/activity
[35m[ADB][39m Using 'apksigner.jar' from 'C:\Users\LP-AhdAlbarghouthi\AppData\Local\Android\Sdk\build-tools\33.0.0\lib\apksigner.jar'
[35m[ADB][39m 'C:\Users\LP-AhdAlbarghouthi\AppData\Roaming\npm\node_modules\appium\node_modules\appium-uiautomator2-server\apks\appium-uiautomator2-server-v4.27.0.apk' is signed with the default certificate
[35m[ADB][39m 'C:\Users\LP-AhdAlbarghouthi\AppData\Roaming\npm\node_modules\appium\node_modules\appium-uiautomator2-server\apks\appium-uiautomator2-server-debug-androidTest.apk' is signed with the default certificate
[35m[UiAutomator2][39m Server packages are not going to be (re)installed
[35m[ADB][39m Adding packages ["io.appium.settings","io.appium.uiautomator2.server","io.appium.uiautomator2.server.test"] to Doze whitelist
[35m[UiAutomator2][39m Starting UIAutomator2 server 4.27.0
[35m[UiAutomator2][39m Using UIAutomator2 server from 'C:\Users\LP-AhdAlbarghouthi\AppData\Roaming\npm\node_modules\appium\node_modules\appium-uiautomator2-server\apks\appium-uiautomator2-server-v4.27.0.apk' and test from 'C:\Users\LP-AhdAlbarghouthi\AppData\Roaming\npm\node_modules\appium\node_modules\appium-uiautomator2-server\apks\appium-uiautomator2-server-debug-androidTest.apk'
[35m[UiAutomator2][39m Waiting up to 30000ms for UiAutomator2 to be online...
[35m[WD Proxy][39m socket hang up
[35m[WD Proxy][39m socket hang up
[35m[WD Proxy][39m socket hang up
[35m[WD Proxy][39m Determined the downstream protocol as 'W3C'
[35m[AndroidDriver][39m Screen already unlocked, doing nothing
[35m[UiAutomator2][39m Starting 'com.android.settings/.Settings and waiting for 'com.android.settings/.Settings'
[35m[Appium][39m New AndroidUiautomator2Driver session created successfully, session fd0e4753-9224-4335-9550-f55c605e6c8f added to master session list
[35m[HTTP][39m [37m<-- POST /wd/hub/session [39m[32m200[39m [90m8649 ms - 1184[39m
[35m[HTTP][39m [90m[39m
[35m[HTTP][39m [37m-->[39m [37mGET[39m [37m/wd/hub/session/fd0e4753-9224-4335-9550-f55c605e6c8f[39m
[35m[HTTP][39m [90m{}[39m
[35m[HTTP][39m [37m<-- GET /wd/hub/session/fd0e4753-9224-4335-9550-f55c605e6c8f [39m[32m200[39m [90m28 ms - 1138[39m
[35m[HTTP][39m [90m[39m
[35m[HTTP][39m [37m-->[39m [37mGET[39m [37m/wd/hub/session/fd0e4753-9224-4335-9550-f55c605e6c8f[39m
[35m[HTTP][39m [90m{}[39m
[35m[HTTP][39m [37m<-- GET /wd/hub/session/fd0e4753-9224-4335-9550-f55c605e6c8f [39m[32m200[39m [90m7 ms - 1138[39m
[35m[HTTP][39m [90m[39m
[35m[HTTP][39m [37m-->[39m [37mGET[39m [37m/wd/hub/status[39m
[35m[HTTP][39m [90m{}[39m
[35m[HTTP][39m [37m<-- GET /wd/hub/status [39m[32m200[39m [90m1 ms - 68[39m
[35m[HTTP][39m [90m[39m
[35m[HTTP][39m [37m-->[39m [37mPOST[39m [37m/wd/hub/session/fd0e4753-9224-4335-9550-f55c605e6c8f/timeouts[39m
[35m[HTTP][39m [90m{"implicit":60000}[39m
[35m[HTTP][39m [37m<-- POST /wd/hub/session/fd0e4753-9224-4335-9550-f55c605e6c8f/timeouts [39m[32m200[39m [90m2 ms - 14[39m
[35m[HTTP][39m [90m[39m
[35m[HTTP][39m [37m-->[39m [37mGET[39m [37m/wd/hub/session/fd0e4753-9224-4335-9550-f55c605e6c8f/screenshot[39m
[35m[HTTP][39m [90m{}[39m
[35m[HTTP][39m [37m<-- GET /wd/hub/session/fd0e4753-9224-4335-9550-f55c605e6c8f/screenshot [39m[32m200[39m [90m371 ms - 229966[39m
[35m[HTTP][39m [90m[39m
[35m[HTTP][39m [37m-->[39m [37mGET[39m [37m/wd/hub/session/fd0e4753-9224-4335-9550-f55c605e6c8f/window/rect[39m
[35m[HTTP][39m [90m{}[39m
[35m[HTTP][39m [37m<-- GET /wd/hub/session/fd0e4753-9224-4335-9550-f55c605e6c8f/window/rect [39m[32m200[39m [90m25 ms - 50[39m
[35m[HTTP][39m [90m[39m
[35m[HTTP][39m [37m-->[39m [37mGET[39m [37m/wd/hub/session/fd0e4753-9224-4335-9550-f55c605e6c8f/appium/device/system_bars[39m
[35m[HTTP][39m [90m{}[39m
[35m[HTTP][39m [37m<-- GET /wd/hub/session/fd0e4753-9224-4335-9550-f55c605e6c8f/appium/device/system_bars [39m[32m200[39m [90m148 ms - 148[39m
[35m[HTTP][39m [90m[39m
[35m[HTTP][39m [37m-->[39m [37mPOST[39m [37m/wd/hub/session/fd0e4753-9224-4335-9550-f55c605e6c8f/appium/device/activate_app[39m
[35m[HTTP][39m [90m{"bundleId":"com.leadingpoint.dst.virgin"}[39m
[35m[HTTP][39m [37m<-- POST /wd/hub/session/fd0e4753-9224-4335-9550-f55c605e6c8f/appium/device/activate_app [39m[32m200[39m [90m301 ms - 14[39m
[35m[HTTP][39m [90m[39m
[35m[HTTP][39m [37m-->[39m [37mGET[39m [37m/wd/hub/session/fd0e4753-9224-4335-9550-f55c605e6c8f/source[39m
[35m[HTTP][39m [90m{}[39m
[35m[W3C (fd0e4753)][39m Driver proxy active, passing request on via HTTP proxy
[35m[WD Proxy][39m Replacing sessionId faa98a80-ec1d-42e5-920d-c33fb9c8c88d with fd0e4753-9224-4335-9550-f55c605e6c8f
[35m[HTTP][39m [37m<-- GET /wd/hub/session/fd0e4753-9224-4335-9550-f55c605e6c8f/source [39m[32m200[39m [90m878 ms - 8287[39m
[35m[HTTP][39m [90m[39m
[35m[HTTP][39m [37m-->[39m [37mGET[39m [37m/wd/hub/session/fd0e4753-9224-4335-9550-f55c605e6c8f/screenshot[39m
[35m[HTTP][39m [90m{}[39m
[35m[HTTP][39m [37m<-- GET /wd/hub/session/fd0e4753-9224-4335-9550-f55c605e6c8f/screenshot [39m[32m200[39m [90m243 ms - 159926[39m
[35m[HTTP][39m [90m[39m
[35m[HTTP][39m [37m-->[39m [37mGET[39m [37m/wd/hub/session/fd0e4753-9224-4335-9550-f55c605e6c8f/source[39m
[35m[HTTP][39m [90m{}[39m
[35m[W3C (fd0e4753)][39m Driver proxy active, passing request on via HTTP proxy
[35m[WD Proxy][39m Replacing sessionId faa98a80-ec1d-42e5-920d-c33fb9c8c88d with fd0e4753-9224-4335-9550-f55c605e6c8f
[35m[HTTP][39m [37m<-- GET /wd/hub/session/fd0e4753-9224-4335-9550-f55c605e6c8f/source [39m[32m200[39m [90m144 ms - 8287[39m
[35m[HTTP][39m [90m[39m
[35m[HTTP][39m [37m-->[39m [37mGET[39m [37m/wd/hub/session/fd0e4753-9224-4335-9550-f55c605e6c8f/screenshot[39m
[35m[HTTP][39m [90m{}[39m
[35m[HTTP][39m [37m<-- GET /wd/hub/session/fd0e4753-9224-4335-9550-f55c605e6c8f/screenshot [39m[32m200[39m [90m200 ms - 159840[39m
[35m[HTTP][39m [90m[39m
[35m[HTTP][39m [37m-->[39m [37mPOST[39m [37m/wd/hub/session/fd0e4753-9224-4335-9550-f55c605e6c8f/elements[39m
[35m[HTTP][39m [90m{"using":"xpath","value":"//*[@class = 'android.widget.TextView' and (@text = 'ID validity' or . = 'ID validity') and @resource-id = 'com.leadingpoint.dst.virgin:id/alertTitle']"}[39m
[35m[HTTP][39m [37m<-- POST /wd/hub/session/fd0e4753-9224-4335-9550-f55c605e6c8f/elements [39m[32m200[39m [90m1218 ms - 139[39m
[35m[HTTP][39m [90m[39m
[35m[HTTP][39m [37m-->[39m [37mPOST[39m [37m/wd/hub/session/fd0e4753-9224-4335-9550-f55c605e6c8f/elements[39m
[35m[HTTP][39m [90m{"using":"xpath","value":"//*[@class = 'android.widget.Button' and (@text = 'CONTINUE' or . = 'CONTINUE') and @resource-id = 'android:id/button1']"}[39m
[35m[HTTP][39m [37m<-- POST /wd/hub/session/fd0e4753-9224-4335-9550-f55c605e6c8f/elements [39m[32m200[39m [90m95 ms - 139[39m
[35m[HTTP][39m [90m[39m
[35m[HTTP][39m [37m-->[39m [37mDELETE[39m [37m/wd/hub/session/fd0e4753-9224-4335-9550-f55c605e6c8f[39m
[35m[HTTP][39m [90m{}[39m
[35m[Appium][39m Removing session fd0e4753-9224-4335-9550-f55c605e6c8f from our master session list
[35m[UiAutomator2][39m Restoring hidden api policy to the device default configuration
[35m[HTTP][39m [37m<-- DELETE /wd/hub/session/fd0e4753-9224-4335-9550-f55c605e6c8f [39m[32m200[39m [90m158 ms - 14[39m
[35m[HTTP][39m [90m[39m
